<?xml version="1.0" encoding="UTF-8"?>
<!-- Generated by org.testng.reporters.JUnitReportReporter -->
<testsuite hostname="AbhinayaS" name="testngFiles.Annotations" tests="2" failures="1" timestamp="6 Sep 2017 12:21:28 GMT" time="0.000" errors="0">
  <testcase name="flightBooking" time="0.000" classname="testngFiles.Annotations">
    <failure type="org.testng.TestNGException" message="
Parameter &#039;adminuserid&#039; is required by @Test on method flightBooking but has not been marked @Optional or defined
in D:\Selenium_Projects\oxygen\Framework_01\package.xml">
      <![CDATA[org.testng.TestNGException: 
Parameter 'adminuserid' is required by @Test on method flightBooking but has not been marked @Optional or defined
in D:\Selenium_Projects\oxygen\Framework_01\package.xml
	at org.testng.internal.Parameters.createParameters(Parameters.java:155)
	at org.testng.internal.Parameters.createParameters(Parameters.java:358)
	at org.testng.internal.Parameters.handleParameters(Parameters.java:450)
	at org.testng.internal.Invoker.handleParameters(Invoker.java:1383)
	at org.testng.internal.Invoker.createParameters(Invoker.java:1075)
	at org.testng.internal.Invoker.invokeTestMethods(Invoker.java:1180)
	at org.testng.internal.TestMethodWorker.invokeTestMethods(TestMethodWorker.java:127)
	at org.testng.internal.TestMethodWorker.run(TestMethodWorker.java:111)
	at org.testng.TestRunner.privateRun(TestRunner.java:767)
	at org.testng.TestRunner.run(TestRunner.java:617)
	at org.testng.SuiteRunner.runTest(SuiteRunner.java:334)
	at org.testng.SuiteRunner.runSequentially(SuiteRunner.java:329)
	at org.testng.SuiteRunner.privateRun(SuiteRunner.java:291)
	at org.testng.SuiteRunner.run(SuiteRunner.java:240)
	at org.testng.SuiteRunnerWorker.runSuite(SuiteRunnerWorker.java:52)
	at org.testng.SuiteRunnerWorker.run(SuiteRunnerWorker.java:86)
	at org.testng.TestNG.runSuitesSequentially(TestNG.java:1224)
	at org.testng.TestNG.runSuitesLocally(TestNG.java:1149)
	at org.testng.TestNG.run(TestNG.java:1057)
	at org.testng.TestNG.privateMain(TestNG.java:1364)
	at org.testng.TestNG.main(TestNG.java:1333)
]]>
    </failure>
  </testcase> <!-- flightBooking -->
  <testcase name="openingBrowser" time="0.000" classname="testngFiles.Annotations"/>
</testsuite> <!-- testngFiles.Annotations -->
