<?xml version="1.0" encoding="UTF-8"?>
<!-- Generated by org.testng.reporters.JUnitXMLReporter -->
<testsuite hostname="AbhinayaS" name="Smoke Testcases" tests="8" failures="5" timestamp="6 Sep 2017 08:12:31 GMT" time="608.666" errors="0">
  <testcase name="OpeningBrowser" time="0.016" classname="testngFiles.DependenyAnnot">
    <failure type="java.io.FileNotFoundException" message="C:\Workspace\Framework\src\testngFiles\datadriven.properties (The system cannot find the path specified)">
      <![CDATA[java.io.FileNotFoundException: C:\Workspace\Framework\src\testngFiles\datadriven.properties (The system cannot find the path specified)
	at java.io.FileInputStream.open0(Native Method)
	at java.io.FileInputStream.open(Unknown Source)
	at java.io.FileInputStream.<init>(Unknown Source)
	at java.io.FileInputStream.<init>(Unknown Source)
	at testngFiles.TestBase.Login(TestBase.java:24)
	at testngFiles.DependenyAnnot.OpeningBrowser(DependenyAnnot.java:13)
... Removed 23 stack frames]]>
    </failure>
  </testcase> <!-- OpeningBrowser -->
  <testcase name="Timerelated" time="0.0" classname="testngFiles.DependenyAnnot"/>
  <testcase name="Login" time="0.0" classname="testngFiles.DependenyAnnot">
    <failure type="java.io.FileNotFoundException" message="C:\Workspace\Framework\src\testngFiles\datadriven.properties (The system cannot find the path specified)">
      <![CDATA[java.io.FileNotFoundException: C:\Workspace\Framework\src\testngFiles\datadriven.properties (The system cannot find the path specified)
	at java.io.FileInputStream.open0(Native Method)
	at java.io.FileInputStream.open(Unknown Source)
	at java.io.FileInputStream.<init>(Unknown Source)
	at java.io.FileInputStream.<init>(Unknown Source)
	at testngFiles.TestBase.Login(TestBase.java:24)
... Removed 23 stack frames]]>
    </failure>
  </testcase> <!-- Login -->
  <testcase name="software" time="0.0" classname="testngFiles.DependenyAnnot"/>
  <testcase name="FlightBooking" time="0.0" classname="testngFiles.DependenyAnnot">
    <failure type="java.io.FileNotFoundException" message="C:\Workspace\Framework\src\testngFiles\datadriven.properties (The system cannot find the path specified)">
      <![CDATA[java.io.FileNotFoundException: C:\Workspace\Framework\src\testngFiles\datadriven.properties (The system cannot find the path specified)
	at java.io.FileInputStream.open0(Native Method)
	at java.io.FileInputStream.open(Unknown Source)
	at java.io.FileInputStream.<init>(Unknown Source)
	at java.io.FileInputStream.<init>(Unknown Source)
	at testngFiles.TestBase.Login(TestBase.java:24)
	at testngFiles.DependenyAnnot.FlightBooking(DependenyAnnot.java:20)
... Removed 23 stack frames]]>
    </failure>
  </testcase> <!-- FlightBooking -->
  <testcase name="setup" time="608.634" classname="testngFiles.SaucelabTest">
    <failure type="org.openqa.selenium.WebDriverException" message="Sauce could not start your job. For more information on what happened, please visit https://saucelabs.com/jobs/0680918ed538493a9b1425b6d24f56da (WARNING: The server did not provide any stacktrace information)
Command duration or timeout: 608.05 seconds
Build info: version: &amp;apos;2.44.0&amp;apos;, revision: &amp;apos;76d78cf&amp;apos;, time: &amp;apos;2014-10-23 20:02:37&amp;apos;
System info: host: &amp;apos;AbhinayaS&amp;apos;, ip: &amp;apos;10.250.21.46&amp;apos;, os.name: &amp;apos;Windows 7&amp;apos;, os.arch: &amp;apos;amd64&amp;apos;, os.version: &amp;apos;6.1&amp;apos;, java.version: &amp;apos;1.8.0_144&amp;apos;
Driver info: org.openqa.selenium.remote.RemoteWebDriver">
      <![CDATA[org.openqa.selenium.WebDriverException: Sauce could not start your job. For more information on what happened, please visit https://saucelabs.com/jobs/0680918ed538493a9b1425b6d24f56da (WARNING: The server did not provide any stacktrace information)
Command duration or timeout: 608.05 seconds
Build info: version: '2.44.0', revision: '76d78cf', time: '2014-10-23 20:02:37'
System info: host: 'AbhinayaS', ip: '10.250.21.46', os.name: 'Windows 7', os.arch: 'amd64', os.version: '6.1', java.version: '1.8.0_144'
Driver info: org.openqa.selenium.remote.RemoteWebDriver
	at org.openqa.selenium.remote.ErrorHandler.createThrowable(ErrorHandler.java:204)
	at org.openqa.selenium.remote.ErrorHandler.throwIfResponseFailed(ErrorHandler.java:156)
	at org.openqa.selenium.remote.RemoteWebDriver.execute(RemoteWebDriver.java:599)
	at org.openqa.selenium.remote.RemoteWebDriver.startSession(RemoteWebDriver.java:240)
	at org.openqa.selenium.remote.RemoteWebDriver.<init>(RemoteWebDriver.java:126)
	at org.openqa.selenium.remote.RemoteWebDriver.<init>(RemoteWebDriver.java:153)
	at testngFiles.SaucelabTest.setup(SaucelabTest.java:20)
... Removed 27 stack frames]]>
    </failure>
  </testcase> <!-- setup -->
  <testcase name="Login" time="0.0" classname="testngFiles.TestBase">
    <failure type="java.io.FileNotFoundException" message="C:\Workspace\Framework\src\testngFiles\datadriven.properties (The system cannot find the path specified)">
      <![CDATA[java.io.FileNotFoundException: C:\Workspace\Framework\src\testngFiles\datadriven.properties (The system cannot find the path specified)
	at java.io.FileInputStream.open0(Native Method)
	at java.io.FileInputStream.open(Unknown Source)
	at java.io.FileInputStream.<init>(Unknown Source)
	at java.io.FileInputStream.<init>(Unknown Source)
	at testngFiles.TestBase.Login(TestBase.java:24)
... Removed 23 stack frames]]>
    </failure>
  </testcase> <!-- Login -->
  <testcase name="software" time="0.0" classname="testngFiles.TestBase"/>
</testsuite> <!-- Smoke Testcases -->
